<?xml version="1.0" encoding="UTF-8"?>
<coverage generated="1559260689500" clover="3.2.0">
  <project timestamp="1559260689501" name="All files">
    <metrics statements="70" coveredstatements="39" conditionals="20" coveredconditionals="6" methods="20" coveredmethods="12" elements="110" coveredelements="57" complexity="0" loc="70" ncloc="70" packages="1" files="3" classes="3"/>
    <file name="Directory.ts" path="/projects/packages/mash-filesystem/src/Directory.ts">
      <metrics statements="19" coveredstatements="14" conditionals="6" coveredconditionals="6" methods="10" coveredmethods="5"/>
      <line num="1" count="2" type="stmt"/>
      <line num="10" count="2" type="stmt"/>
      <line num="15" count="10" type="cond" truecount="2" falsecount="0"/>
      <line num="16" count="10" type="cond" truecount="2" falsecount="0"/>
      <line num="17" count="10" type="cond" truecount="2" falsecount="0"/>
      <line num="20" count="2" type="stmt"/>
      <line num="21" count="2" type="stmt"/>
      <line num="24" count="2" type="stmt"/>
      <line num="25" count="1" type="stmt"/>
      <line num="26" count="1" type="stmt"/>
      <line num="30" count="2" type="stmt"/>
      <line num="31" count="0" type="stmt"/>
      <line num="32" count="0" type="stmt"/>
      <line num="36" count="2" type="stmt"/>
      <line num="37" count="0" type="stmt"/>
      <line num="38" count="0" type="stmt"/>
      <line num="42" count="2" type="stmt"/>
      <line num="43" count="0" type="stmt"/>
      <line num="45" count="2" type="stmt"/>
    </file>
    <file name="FileSystem.ts" path="/projects/packages/mash-filesystem/src/FileSystem.ts">
      <metrics statements="40" coveredstatements="15" conditionals="14" coveredconditionals="0" methods="6" coveredmethods="4"/>
      <line num="1" count="1" type="stmt"/>
      <line num="3" count="1" type="stmt"/>
      <line num="4" count="1" type="stmt"/>
      <line num="7" count="1" type="stmt"/>
      <line num="13" count="1" type="stmt"/>
      <line num="19" count="1" type="stmt"/>
      <line num="24" count="1" type="stmt"/>
      <line num="27" count="1" type="stmt"/>
      <line num="28" count="1" type="stmt"/>
      <line num="29" count="1" type="stmt"/>
      <line num="32" count="1" type="stmt"/>
      <line num="33" count="2" type="stmt"/>
      <line num="40" count="1" type="stmt"/>
      <line num="41" count="0" type="stmt"/>
      <line num="42" count="0" type="stmt"/>
      <line num="56" count="1" type="stmt"/>
      <line num="57" count="0" type="stmt"/>
      <line num="61" count="0" type="cond" truecount="0" falsecount="2"/>
      <line num="62" count="0" type="stmt"/>
      <line num="63" count="0" type="stmt"/>
      <line num="65" count="0" type="stmt"/>
      <line num="66" count="0" type="stmt"/>
      <line num="69" count="0" type="stmt"/>
      <line num="70" count="0" type="cond" truecount="0" falsecount="2"/>
      <line num="71" count="0" type="cond" truecount="0" falsecount="2"/>
      <line num="72" count="0" type="stmt"/>
      <line num="73" count="0" type="stmt"/>
      <line num="75" count="0" type="stmt"/>
      <line num="78" count="0" type="cond" truecount="0" falsecount="2"/>
      <line num="79" count="0" type="stmt"/>
      <line num="81" count="0" type="cond" truecount="0" falsecount="2"/>
      <line num="82" count="0" type="stmt"/>
      <line num="85" count="0" type="cond" truecount="0" falsecount="2"/>
      <line num="86" count="0" type="stmt"/>
      <line num="88" count="0" type="cond" truecount="0" falsecount="2"/>
      <line num="89" count="0" type="stmt"/>
      <line num="92" count="0" type="stmt"/>
      <line num="93" count="0" type="stmt"/>
      <line num="97" count="0" type="stmt"/>
      <line num="99" count="1" type="stmt"/>
    </file>
    <file name="FileSystemNode.ts" path="/projects/packages/mash-filesystem/src/FileSystemNode.ts">
      <metrics statements="11" coveredstatements="10" conditionals="0" coveredconditionals="0" methods="4" coveredmethods="3"/>
      <line num="1" count="4" type="stmt"/>
      <line num="8" count="4" type="stmt"/>
      <line num="15" count="26" type="stmt"/>
      <line num="16" count="26" type="stmt"/>
      <line num="17" count="26" type="stmt"/>
      <line num="18" count="26" type="stmt"/>
      <line num="21" count="4" type="stmt"/>
      <line num="22" count="0" type="stmt"/>
      <line num="25" count="4" type="stmt"/>
      <line num="26" count="1" type="stmt"/>
      <line num="28" count="4" type="stmt"/>
    </file>
  </project>
</coverage>
