{"/projects/packages/mash-filesystem/src/Directory.ts": {"path":"/projects/packages/mash-filesystem/src/Directory.ts","statementMap":{"0":{"start":{"line":1,"column":0},"end":{"line":1,"column":71}},"1":{"start":{"line":10,"column":0},"end":{"line":10,"column":null}},"2":{"start":{"line":10,"column":31},"end":{"line":10,"column":45}},"3":{"start":{"line":15,"column":4},"end":{"line":15,"column":null}},"4":{"start":{"line":16,"column":4},"end":{"line":16,"column":51}},"5":{"start":{"line":17,"column":4},"end":{"line":17,"column":45}},"6":{"start":{"line":20,"column":2},"end":{"line":22,"column":null}},"7":{"start":{"line":21,"column":4},"end":{"line":21,"column":47}},"8":{"start":{"line":24,"column":2},"end":{"line":28,"column":null}},"9":{"start":{"line":25,"column":4},"end":{"line":27,"column":6}},"10":{"start":{"line":26,"column":29},"end":{"line":26,"column":null}},"11":{"start":{"line":30,"column":2},"end":{"line":34,"column":null}},"12":{"start":{"line":31,"column":4},"end":{"line":33,"column":22}},"13":{"start":{"line":32,"column":37},"end":{"line":32,"column":47}},"14":{"start":{"line":36,"column":2},"end":{"line":40,"column":null}},"15":{"start":{"line":37,"column":4},"end":{"line":39,"column":6}},"16":{"start":{"line":38,"column":32},"end":{"line":38,"column":null}},"17":{"start":{"line":42,"column":2},"end":{"line":44,"column":null}},"18":{"start":{"line":43,"column":4},"end":{"line":43,"column":null}},"19":{"start":{"line":45,"column":0},"end":{"line":45,"column":null}},"20":{"start":{"line":10,"column":13},"end":{"line":10,"column":22}}},"fnMap":{"0":{"name":"(anonymous_6)","decl":{"start":{"line":10,"column":0},"end":{"line":10,"column":13}},"loc":{"start":{"line":10,"column":0},"end":{"line":45,"column":null}}},"1":{"name":"Directory","decl":{"start":{"line":14,"column":2},"end":{"line":14,"column":15}},"loc":{"start":{"line":14,"column":37},"end":{"line":18,"column":3}}},"2":{"name":"(anonymous_8)","decl":{"start":{"line":20,"column":2},"end":{"line":20,"column":10}},"loc":{"start":{"line":20,"column":32},"end":{"line":22,"column":3}}},"3":{"name":"(anonymous_9)","decl":{"start":{"line":24,"column":2},"end":{"line":24,"column":13}},"loc":{"start":{"line":24,"column":35},"end":{"line":28,"column":3}}},"4":{"name":"(anonymous_10)","decl":{"start":{"line":26,"column":6},"end":{"line":26,"column":7}},"loc":{"start":{"line":26,"column":24},"end":{"line":26,"column":30}}},"5":{"name":"(anonymous_11)","decl":{"start":{"line":30,"column":2},"end":{"line":30,"column":16}},"loc":{"start":{"line":30,"column":30},"end":{"line":34,"column":3}}},"6":{"name":"(anonymous_12)","decl":{"start":{"line":32,"column":11},"end":{"line":32,"column":12}},"loc":{"start":{"line":32,"column":32},"end":{"line":32,"column":41}}},"7":{"name":"(anonymous_13)","decl":{"start":{"line":36,"column":2},"end":{"line":36,"column":12}},"loc":{"start":{"line":36,"column":26},"end":{"line":40,"column":3}}},"8":{"name":"(anonymous_14)","decl":{"start":{"line":38,"column":6},"end":{"line":38,"column":7}},"loc":{"start":{"line":38,"column":27},"end":{"line":38,"column":36}}},"9":{"name":"(anonymous_15)","decl":{"start":{"line":42,"column":2},"end":{"line":42,"column":8}},"loc":{"start":{"line":42,"column":2},"end":{"line":44,"column":3}}}},"branchMap":{"0":{"loc":{"start":{"line":15,"column":4},"end":{"line":15,"column":17}},"type":"binary-expr","locations":[{"start":{"line":15,"column":4},"end":{"line":15,"column":17}},{"start":{"line":15,"column":17},"end":{"line":15,"column":null}}]},"1":{"loc":{"start":{"line":16,"column":20},"end":{"line":16,"column":35}},"type":"binary-expr","locations":[{"start":{"line":16,"column":20},"end":{"line":16,"column":35}},{"start":{"line":16,"column":39},"end":{"line":16,"column":50}}]},"2":{"loc":{"start":{"line":17,"column":20},"end":{"line":17,"column":35}},"type":"binary-expr","locations":[{"start":{"line":17,"column":20},"end":{"line":17,"column":35}},{"start":{"line":17,"column":39},"end":{"line":17,"column":44}}]}},"s":{"0":2,"1":2,"2":2,"3":10,"4":10,"5":10,"6":2,"7":2,"8":2,"9":1,"10":1,"11":2,"12":0,"13":0,"14":2,"15":0,"16":0,"17":2,"18":0,"19":2,"20":2},"f":{"0":2,"1":10,"2":2,"3":1,"4":1,"5":0,"6":0,"7":0,"8":0,"9":0},"b":{"0":[10,10],"1":[10,3],"2":[10,9]}}
,"/projects/packages/mash-filesystem/src/FileSystem.ts": {"path":"/projects/packages/mash-filesystem/src/FileSystem.ts","statementMap":{"0":{"start":{"line":1,"column":0},"end":{"line":1,"column":51}},"1":{"start":{"line":3,"column":0},"end":{"line":3,"column":50}},"2":{"start":{"line":4,"column":0},"end":{"line":4,"column":40}},"3":{"start":{"line":7,"column":0},"end":{"line":7,"column":76}},"4":{"start":{"line":13,"column":0},"end":{"line":13,"column":13}},"5":{"start":{"line":19,"column":4},"end":{"line":23,"column":7}},"6":{"start":{"line":24,"column":4},"end":{"line":24,"column":42}},"7":{"start":{"line":27,"column":9},"end":{"line":30,"column":null}},"8":{"start":{"line":28,"column":4},"end":{"line":28,"column":38}},"9":{"start":{"line":29,"column":4},"end":{"line":29,"column":16}},"10":{"start":{"line":32,"column":2},"end":{"line":34,"column":null}},"11":{"start":{"line":33,"column":4},"end":{"line":33,"column":26}},"12":{"start":{"line":40,"column":2},"end":{"line":43,"column":null}},"13":{"start":{"line":41,"column":4},"end":{"line":41,"column":83}},"14":{"start":{"line":42,"column":4},"end":{"line":42,"column":null}},"15":{"start":{"line":56,"column":10},"end":{"line":98,"column":null}},"16":{"start":{"line":57,"column":27},"end":{"line":57,"column":42}},"17":{"start":{"line":61,"column":4},"end":{"line":67,"column":null}},"18":{"start":{"line":62,"column":6},"end":{"line":62,"column":31}},"19":{"start":{"line":63,"column":6},"end":{"line":63,"column":47}},"20":{"start":{"line":65,"column":6},"end":{"line":65,"column":43}},"21":{"start":{"line":66,"column":6},"end":{"line":66,"column":34}},"22":{"start":{"line":69,"column":4},"end":{"line":95,"column":null}},"23":{"start":{"line":69,"column":25},"end":{"line":69,"column":34}},"24":{"start":{"line":69,"column":21},"end":{"line":69,"column":25}},"25":{"start":{"line":70,"column":6},"end":{"line":94,"column":null}},"26":{"start":{"line":71,"column":8},"end":{"line":76,"column":null}},"27":{"start":{"line":72,"column":10},"end":{"line":72,"column":49}},"28":{"start":{"line":73,"column":10},"end":{"line":73,"column":19}},"29":{"start":{"line":75,"column":10},"end":{"line":75,"column":69}},"30":{"start":{"line":78,"column":11},"end":{"line":94,"column":null}},"31":{"start":{"line":79,"column":8},"end":{"line":79,"column":17}},"32":{"start":{"line":81,"column":11},"end":{"line":94,"column":null}},"33":{"start":{"line":82,"column":8},"end":{"line":82,"column":67}},"34":{"start":{"line":85,"column":8},"end":{"line":87,"column":null}},"35":{"start":{"line":86,"column":10},"end":{"line":86,"column":64}},"36":{"start":{"line":88,"column":8},"end":{"line":90,"column":null}},"37":{"start":{"line":89,"column":10},"end":{"line":89,"column":69}},"38":{"start":{"line":92,"column":8},"end":{"line":92,"column":88}},"39":{"start":{"line":93,"column":8},"end":{"line":93,"column":17}},"40":{"start":{"line":97,"column":4},"end":{"line":97,"column":34}},"41":{"start":{"line":99,"column":0},"end":{"line":99,"column":null}},"42":{"start":{"line":13,"column":13},"end":{"line":13,"column":23}}},"fnMap":{"0":{"name":"(anonymous_0)","decl":{"start":{"line":13,"column":0},"end":{"line":13,"column":13}},"loc":{"start":{"line":13,"column":0},"end":{"line":99,"column":null}}},"1":{"name":"FileSystem","decl":{"start":{"line":18,"column":2},"end":{"line":18,"column":null}},"loc":{"start":{"line":18,"column":2},"end":{"line":25,"column":3}}},"2":{"name":"(anonymous_2)","decl":{"start":{"line":27,"column":2},"end":{"line":27,"column":9}},"loc":{"start":{"line":27,"column":2},"end":{"line":30,"column":3}}},"3":{"name":"(anonymous_3)","decl":{"start":{"line":32,"column":2},"end":{"line":32,"column":13}},"loc":{"start":{"line":32,"column":2},"end":{"line":34,"column":3}}},"4":{"name":"(anonymous_4)","decl":{"start":{"line":40,"column":2},"end":{"line":40,"column":12}},"loc":{"start":{"line":40,"column":58},"end":{"line":43,"column":3}}},"5":{"name":"(anonymous_5)","decl":{"start":{"line":56,"column":2},"end":{"line":56,"column":10}},"loc":{"start":{"line":56,"column":43},"end":{"line":98,"column":3}}}},"branchMap":{"0":{"loc":{"start":{"line":61,"column":4},"end":{"line":67,"column":null}},"type":"if","locations":[{"start":{"line":61,"column":4},"end":{"line":67,"column":null}},{"start":{"line":61,"column":4},"end":{"line":67,"column":null}}]},"1":{"loc":{"start":{"line":70,"column":6},"end":{"line":94,"column":null}},"type":"if","locations":[{"start":{"line":70,"column":6},"end":{"line":94,"column":null}},{"start":{"line":70,"column":6},"end":{"line":94,"column":null}}]},"2":{"loc":{"start":{"line":71,"column":8},"end":{"line":76,"column":null}},"type":"if","locations":[{"start":{"line":71,"column":8},"end":{"line":76,"column":null}},{"start":{"line":71,"column":8},"end":{"line":76,"column":null}}]},"3":{"loc":{"start":{"line":78,"column":11},"end":{"line":94,"column":null}},"type":"if","locations":[{"start":{"line":78,"column":11},"end":{"line":94,"column":null}},{"start":{"line":78,"column":11},"end":{"line":94,"column":null}}]},"4":{"loc":{"start":{"line":81,"column":11},"end":{"line":94,"column":null}},"type":"if","locations":[{"start":{"line":81,"column":11},"end":{"line":94,"column":null}},{"start":{"line":81,"column":11},"end":{"line":94,"column":null}}]},"5":{"loc":{"start":{"line":85,"column":8},"end":{"line":87,"column":null}},"type":"if","locations":[{"start":{"line":85,"column":8},"end":{"line":87,"column":null}},{"start":{"line":85,"column":8},"end":{"line":87,"column":null}}]},"6":{"loc":{"start":{"line":88,"column":8},"end":{"line":90,"column":null}},"type":"if","locations":[{"start":{"line":88,"column":8},"end":{"line":90,"column":null}},{"start":{"line":88,"column":8},"end":{"line":90,"column":null}}]}},"s":{"0":1,"1":1,"2":1,"3":1,"4":1,"5":1,"6":1,"7":1,"8":1,"9":1,"10":1,"11":2,"12":1,"13":0,"14":0,"15":1,"16":0,"17":0,"18":0,"19":0,"20":0,"21":0,"22":0,"23":0,"24":0,"25":0,"26":0,"27":0,"28":0,"29":0,"30":0,"31":0,"32":0,"33":0,"34":0,"35":0,"36":0,"37":0,"38":0,"39":0,"40":0,"41":1,"42":1},"f":{"0":1,"1":1,"2":1,"3":2,"4":0,"5":0},"b":{"0":[0,0],"1":[0,0],"2":[0,0],"3":[0,0],"4":[0,0],"5":[0,0],"6":[0,0]}}
,"/projects/packages/mash-filesystem/src/FileSystemNode.ts": {"path":"/projects/packages/mash-filesystem/src/FileSystemNode.ts","statementMap":{"0":{"start":{"line":1,"column":0},"end":{"line":1,"column":40}},"1":{"start":{"line":8,"column":0},"end":{"line":8,"column":13}},"2":{"start":{"line":15,"column":4},"end":{"line":15,"column":30}},"3":{"start":{"line":16,"column":4},"end":{"line":16,"column":28}},"4":{"start":{"line":17,"column":4},"end":{"line":17,"column":40}},"5":{"start":{"line":18,"column":4},"end":{"line":18,"column":43}},"6":{"start":{"line":21,"column":2},"end":{"line":23,"column":null}},"7":{"start":{"line":22,"column":4},"end":{"line":22,"column":49}},"8":{"start":{"line":25,"column":2},"end":{"line":27,"column":null}},"9":{"start":{"line":26,"column":4},"end":{"line":26,"column":27}},"10":{"start":{"line":28,"column":0},"end":{"line":28,"column":null}},"11":{"start":{"line":8,"column":13},"end":{"line":8,"column":27}}},"fnMap":{"0":{"name":"(anonymous_0)","decl":{"start":{"line":8,"column":0},"end":{"line":8,"column":13}},"loc":{"start":{"line":8,"column":0},"end":{"line":28,"column":null}}},"1":{"name":"FileSystemNode","decl":{"start":{"line":14,"column":2},"end":{"line":14,"column":15}},"loc":{"start":{"line":14,"column":42},"end":{"line":19,"column":3}}},"2":{"name":"(anonymous_2)","decl":{"start":{"line":21,"column":2},"end":{"line":21,"column":6}},"loc":{"start":{"line":21,"column":2},"end":{"line":23,"column":3}}},"3":{"name":"(anonymous_3)","decl":{"start":{"line":25,"column":2},"end":{"line":25,"column":15}},"loc":{"start":{"line":25,"column":37},"end":{"line":27,"column":3}}}},"branchMap":{},"s":{"0":4,"1":4,"2":26,"3":26,"4":26,"5":26,"6":4,"7":0,"8":4,"9":1,"10":4,"11":4},"f":{"0":4,"1":26,"2":0,"3":1},"b":{}}
}
