TN:
SF:/projects/packages/mash-filesystem/src/Directory.ts
FN:10,(anonymous_6)
FN:14,Directory
FN:20,(anonymous_8)
FN:24,(anonymous_9)
FN:26,(anonymous_10)
FN:30,(anonymous_11)
FN:32,(anonymous_12)
FN:36,(anonymous_13)
FN:38,(anonymous_14)
FN:42,(anonymous_15)
FNF:10
FNH:5
FNDA:2,(anonymous_6)
FNDA:10,Directory
FNDA:2,(anonymous_8)
FNDA:1,(anonymous_9)
FNDA:1,(anonymous_10)
FNDA:0,(anonymous_11)
FNDA:0,(anonymous_12)
FNDA:0,(anonymous_13)
FNDA:0,(anonymous_14)
FNDA:0,(anonymous_15)
DA:1,2
DA:10,2
DA:15,10
DA:16,10
DA:17,10
DA:20,2
DA:21,2
DA:24,2
DA:25,1
DA:26,1
DA:30,2
DA:31,0
DA:32,0
DA:36,2
DA:37,0
DA:38,0
DA:42,2
DA:43,0
DA:45,2
LF:19
LH:14
BRDA:15,0,0,10
BRDA:15,0,1,10
BRDA:16,1,0,10
BRDA:16,1,1,3
BRDA:17,2,0,10
BRDA:17,2,1,9
BRF:6
BRH:6
end_of_record
TN:
SF:/projects/packages/mash-filesystem/src/FileSystem.ts
FN:13,(anonymous_0)
FN:18,FileSystem
FN:27,(anonymous_2)
FN:32,(anonymous_3)
FN:40,(anonymous_4)
FN:56,(anonymous_5)
FNF:6
FNH:4
FNDA:1,(anonymous_0)
FNDA:1,FileSystem
FNDA:1,(anonymous_2)
FNDA:2,(anonymous_3)
FNDA:0,(anonymous_4)
FNDA:0,(anonymous_5)
DA:1,1
DA:3,1
DA:4,1
DA:7,1
DA:13,1
DA:19,1
DA:24,1
DA:27,1
DA:28,1
DA:29,1
DA:32,1
DA:33,2
DA:40,1
DA:41,0
DA:42,0
DA:56,1
DA:57,0
DA:61,0
DA:62,0
DA:63,0
DA:65,0
DA:66,0
DA:69,0
DA:70,0
DA:71,0
DA:72,0
DA:73,0
DA:75,0
DA:78,0
DA:79,0
DA:81,0
DA:82,0
DA:85,0
DA:86,0
DA:88,0
DA:89,0
DA:92,0
DA:93,0
DA:97,0
DA:99,1
LF:40
LH:15
BRDA:61,0,0,0
BRDA:61,0,1,0
BRDA:70,1,0,0
BRDA:70,1,1,0
BRDA:71,2,0,0
BRDA:71,2,1,0
BRDA:78,3,0,0
BRDA:78,3,1,0
BRDA:81,4,0,0
BRDA:81,4,1,0
BRDA:85,5,0,0
BRDA:85,5,1,0
BRDA:88,6,0,0
BRDA:88,6,1,0
BRF:14
BRH:0
end_of_record
TN:
SF:/projects/packages/mash-filesystem/src/FileSystemNode.ts
FN:8,(anonymous_0)
FN:14,FileSystemNode
FN:21,(anonymous_2)
FN:25,(anonymous_3)
FNF:4
FNH:3
FNDA:4,(anonymous_0)
FNDA:26,FileSystemNode
FNDA:0,(anonymous_2)
FNDA:1,(anonymous_3)
DA:1,4
DA:8,4
DA:15,26
DA:16,26
DA:17,26
DA:18,26
DA:21,4
DA:22,0
DA:25,4
DA:26,1
DA:28,4
LF:11
LH:10
BRF:0
BRH:0
end_of_record
